2024.09.09 19:41:50 INFO  Started: Metals version 1.3.5 in folders '/home/longnh/Projects/Courses/Software/cs332-assign' for client Visual Studio Code 1.93.0.[0m
SLF4J(W): Class path contains multiple SLF4J providers.
SLF4J(W): Found provider [scribe.slf4j.ScribeServiceProvider@5f24aa5b]
SLF4J(W): Found provider [ch.qos.logback.classic.spi.LogbackServiceProvider@2896356b]
SLF4J(W): See https://www.slf4j.org/codes.html#multiple_bindings for an explanation.
SLF4J(I): Actual provider is of type [scribe.slf4j.ScribeServiceProvider@5f24aa5b]
2024.09.09 19:41:50 WARN  Flyway upgrade recommended: H2 2.3.230 is newer than this version of Flyway and support has not been tested. The latest supported version of H2 is 2.2.220.[0m
2024.09.09 19:41:50 INFO  Attempting to connect to the build server...[0m
2024.09.09 19:41:50 INFO  tracing is disabled for protocol BSP, to enable tracing of incoming and outgoing JSON messages create an empty file at /home/longnh/Projects/Courses/Software/cs332-assign/.metals/bsp.trace.json or /home/longnh/.cache/metals/bsp.trace.json[0m
2024.09.09 19:41:50 INFO  time: Connected to build server in 0.26s[0m
2024.09.09 19:41:50 INFO  Connected to Build server: Bloop v1.6.0[0m
2024.09.09 19:41:51 INFO  time: Imported build in 0.1s[0m
2024.09.09 19:41:51 INFO  running doctor check[0m
2024.09.09 19:41:51 INFO  java targets: [0m
2024.09.09 19:41:50 INFO  no build target found for /home/longnh/Projects/Courses/Software/cs332-assign/example/src/main/scala/example/Lists.scala. Using presentation compiler with project's scala-library version: 3.3.3[0m
2024.09.09 19:41:52 WARN  Flyway upgrade recommended: H2 2.3.230 is newer than this version of Flyway and support has not been tested. The latest supported version of H2 is 2.2.220.[0m
2024.09.09 19:41:53 INFO  no build target found for /home/longnh/Projects/Courses/Software/cs332-assign/example/src/main/scala/example/main.scala. Using presentation compiler with project's scala-library version: 3.3.3[0m
2024.09.09 19:41:52 INFO  time: indexed workspace in 2.48s[0m
2024.09.09 19:41:53 WARN  no build target for: /home/longnh/Projects/Courses/Software/cs332-assign/example/src/main/scala/example/Lists.scala[0m
2024.09.09 19:41:53 WARN  no build target for: /home/longnh/Projects/Courses/Software/cs332-assign/example/src/main/scala/example/main.scala[0m
2024.09.09 19:41:53 INFO  no build target found for /home/longnh/Projects/Courses/Software/cs332-assign/example/src/main/scala/example/main.scala. Using presentation compiler with project's scala-library version: 3.3.3[0m
2024.09.09 19:41:53 INFO  no build target found for /home/longnh/Projects/Courses/Software/cs332-assign/example/src/main/scala/example/Lists.scala. Using presentation compiler with project's scala-library version: 3.3.3[0m
2024.09.09 19:41:53 INFO  no build target found for /home/longnh/Projects/Courses/Software/cs332-assign/example/src/main/scala/example/main.scala. Using presentation compiler with project's scala-library version: 3.3.3[0m
Sep 09, 2024 7:42:19 PM org.eclipse.lsp4j.jsonrpc.services.GenericEndpoint notify
INFO: Unsupported notification method: $/setTrace
2024.09.09 19:42:59 INFO  no build target found for /home/longnh/Projects/Courses/Software/cs332-assign/example/src/main/scala/example/main.scala. Using presentation compiler with project's scala-library version: 3.3.3[0m
2024.09.09 19:42:59 INFO  no build target found for /home/longnh/Projects/Courses/Software/cs332-assign/example/src/main/scala/example/main.scala. Using presentation compiler with project's scala-library version: 3.3.3[0m
2024.09.09 19:43:25 INFO  no build target found for /home/longnh/Projects/Courses/Software/cs332-assign/example/src/main/scala/example/main.scala. Using presentation compiler with project's scala-library version: 3.3.3[0m
2024.09.09 19:43:25 INFO  no build target found for /home/longnh/Projects/Courses/Software/cs332-assign/recfun/src/main/scala/recfun/RecFun.scala. Using presentation compiler with project's scala-library version: 3.3.3[0m
2024.09.09 19:43:25 INFO  no build target found for /home/longnh/Projects/Courses/Software/cs332-assign/recfun/src/main/scala/recfun/RecFun.scala. Using presentation compiler with project's scala-library version: 3.3.3[0m
2024.09.09 19:43:25 INFO  no build target found for /home/longnh/Projects/Courses/Software/cs332-assign/recfun/src/main/scala/recfun/RecFun.scala. Using presentation compiler with project's scala-library version: 3.3.3[0m
2024.09.09 19:43:28 WARN  no build target for: /home/longnh/Projects/Courses/Software/cs332-assign/recfun/src/main/scala/recfun/RecFun.scala[0m
2024.09.09 19:43:28 INFO  no build target found for /home/longnh/Projects/Courses/Software/cs332-assign/recfun/src/main/scala/recfun/RecFun.scala. Using presentation compiler with project's scala-library version: 3.3.3[0m
Sep 09, 2024 7:43:34 PM org.eclipse.lsp4j.jsonrpc.services.GenericEndpoint notify
INFO: Unsupported notification method: $/setTrace
2024.09.09 19:43:50 INFO  no build target found for /home/longnh/Projects/Courses/Software/cs332-assign/recfun/src/main/scala/recfun/RecFun.scala. Using presentation compiler with project's scala-library version: 3.3.3[0m
